<?xml version="1.0" encoding="UTF-8"?>
<testsuite xmlns:xsi="http://www.w3.org/2001/XMLSchema-instance" xsi:noNamespaceSchemaLocation="https://maven.apache.org/surefire/maven-surefire-plugin/xsd/surefire-test-report-3.0.xsd" version="3.0" name="com.example.demospringjunie.repository.ProductRepositoryTest" time="0.365" tests="5" errors="0" skipped="0" failures="0">
  <properties>
[...]
</properties>
  <testcase name="findByActiveTrue_ShouldReturnOnlyActiveProducts" classname="com.example.demospringjunie.repository.ProductRepositoryTest" time="0.133">
    <system-out><![CDATA[2025-07-07T01:54:13.707+02:00  INFO 90306 --- [demo-spring-junie-test] [           main] t.c.s.AnnotationConfigContextLoaderUtils : Could not detect default configuration classes for test class [com.example.demospringjunie.repository.ProductRepositoryTest]: ProductRepositoryTest does not declare any static, non-private, non-final, nested classes annotated with @Configuration.
2025-07-07T01:54:13.719+02:00  INFO 90306 --- [demo-spring-junie-test] [           main] .b.t.c.SpringBootTestContextBootstrapper : Found @SpringBootConfiguration com.example.demospringjunie.DemoSpringJunieApplication for test class com.example.demospringjunie.repository.ProductRepositoryTest

  .   ____          _            __ _ _
 /\\ / ___'_ __ _ _(_)_ __  __ _ \ \ \ \
( ( )\___ | '_ | '_| | '_ \/ _` | \ \ \ \
 \\/  ___)| |_)| | | | | || (_| |  ) ) ) )
  '  |____| .__|_| |_|_| |_\__, | / / / /
 =========|_|==============|___/=/_/_/_/
 :: Spring Boot ::                (v3.2.0)

2025-07-07T01:54:13.737+02:00  INFO 90306 --- [demo-spring-junie-test] [           main] c.e.d.repository.ProductRepositoryTest   : Starting ProductRepositoryTest using Java 21.0.6 with PID 90306 (started by mario in /Users/mario/Documents/development/workspace/hackaton2025/demo-spring-junie)
2025-07-07T01:54:13.738+02:00 DEBUG 90306 --- [demo-spring-junie-test] [           main] c.e.d.repository.ProductRepositoryTest   : Running with Spring Boot v3.2.0, Spring v6.1.1
2025-07-07T01:54:13.738+02:00  INFO 90306 --- [demo-spring-junie-test] [           main] c.e.d.repository.ProductRepositoryTest   : The following 1 profile is active: "test"
2025-07-07T01:54:13.787+02:00  INFO 90306 --- [demo-spring-junie-test] [           main] .s.d.r.c.RepositoryConfigurationDelegate : Bootstrapping Spring Data JPA repositories in DEFAULT mode.
2025-07-07T01:54:13.791+02:00  INFO 90306 --- [demo-spring-junie-test] [           main] .s.d.r.c.RepositoryConfigurationDelegate : Finished Spring Data repository scanning in 4 ms. Found 1 JPA repository interface.
2025-07-07T01:54:13.796+02:00  INFO 90306 --- [demo-spring-junie-test] [           main] beddedDataSourceBeanFactoryPostProcessor : Replacing 'dataSource' DataSource bean with embedded version
2025-07-07T01:54:13.806+02:00  INFO 90306 --- [demo-spring-junie-test] [           main] o.s.j.d.e.EmbeddedDatabaseFactory        : Starting embedded database: url='jdbc:h2:mem:68e54fe1-7f35-49c7-b57b-c0ba304d372b;DB_CLOSE_DELAY=-1;DB_CLOSE_ON_EXIT=false', username='sa'
2025-07-07T01:54:13.819+02:00  INFO 90306 --- [demo-spring-junie-test] [           main] o.hibernate.jpa.internal.util.LogHelper  : HHH000204: Processing PersistenceUnitInfo [name: default]
2025-07-07T01:54:13.820+02:00  INFO 90306 --- [demo-spring-junie-test] [           main] o.h.c.internal.RegionFactoryInitiator    : HHH000026: Second-level cache disabled
2025-07-07T01:54:13.822+02:00  INFO 90306 --- [demo-spring-junie-test] [           main] o.s.o.j.p.SpringPersistenceUnitInfo      : No LoadTimeWeaver setup: ignoring JPA class transformer
2025-07-07T01:54:13.823+02:00  WARN 90306 --- [demo-spring-junie-test] [           main] org.hibernate.orm.deprecation            : HHH90000025: H2Dialect does not need to be specified explicitly using 'hibernate.dialect' (remove the property setting and it will be selected by default)
2025-07-07T01:54:13.842+02:00  INFO 90306 --- [demo-spring-junie-test] [           main] o.h.e.t.j.p.i.JtaPlatformInitiator       : HHH000489: No JTA platform available (set 'hibernate.transaction.jta.platform' to enable JTA platform integration)
2025-07-07T01:54:13.842+02:00 DEBUG 90306 --- [demo-spring-junie-test] [           main] org.hibernate.SQL                        : 
    drop table if exists products cascade 
Hibernate: 
    drop table if exists products cascade 
2025-07-07T01:54:13.843+02:00 DEBUG 90306 --- [demo-spring-junie-test] [           main] org.hibernate.SQL                        : 
    create table products (
        active boolean not null,
        price numeric(38,2) not null,
        created_at timestamp(6) not null,
        id bigint generated by default as identity,
        updated_at timestamp(6),
        description varchar(1000),
        name varchar(255) not null,
        primary key (id)
    )
Hibernate: 
    create table products (
        active boolean not null,
        price numeric(38,2) not null,
        created_at timestamp(6) not null,
        id bigint generated by default as identity,
        updated_at timestamp(6),
        description varchar(1000),
        name varchar(255) not null,
        primary key (id)
    )
2025-07-07T01:54:13.844+02:00  INFO 90306 --- [demo-spring-junie-test] [           main] j.LocalContainerEntityManagerFactoryBean : Initialized JPA EntityManagerFactory for persistence unit 'default'
2025-07-07T01:54:13.883+02:00  INFO 90306 --- [demo-spring-junie-test] [           main] c.e.d.repository.ProductRepositoryTest   : Started ProductRepositoryTest in 0.159 seconds (process running for 4.221)
2025-07-07T01:54:13.926+02:00 DEBUG 90306 --- [demo-spring-junie-test] [           main] org.hibernate.SQL                        : 
    select
        p1_0.id,
        p1_0.active,
        p1_0.created_at,
        p1_0.description,
        p1_0.name,
        p1_0.price,
        p1_0.updated_at 
    from
        products p1_0
Hibernate: 
    select
        p1_0.id,
        p1_0.active,
        p1_0.created_at,
        p1_0.description,
        p1_0.name,
        p1_0.price,
        p1_0.updated_at 
    from
        products p1_0
2025-07-07T01:54:13.952+02:00 DEBUG 90306 --- [demo-spring-junie-test] [           main] org.hibernate.SQL                        : 
    insert 
    into
        products
        (active, created_at, description, name, price, updated_at, id) 
    values
        (?, ?, ?, ?, ?, ?, default)
Hibernate: 
    insert 
    into
        products
        (active, created_at, description, name, price, updated_at, id) 
    values
        (?, ?, ?, ?, ?, ?, default)
2025-07-07T01:54:13.967+02:00 DEBUG 90306 --- [demo-spring-junie-test] [           main] org.hibernate.SQL                        : 
    insert 
    into
        products
        (active, created_at, description, name, price, updated_at, id) 
    values
        (?, ?, ?, ?, ?, ?, default)
Hibernate: 
    insert 
    into
        products
        (active, created_at, description, name, price, updated_at, id) 
    values
        (?, ?, ?, ?, ?, ?, default)
2025-07-07T01:54:13.968+02:00 DEBUG 90306 --- [demo-spring-junie-test] [           main] org.hibernate.SQL                        : 
    insert 
    into
        products
        (active, created_at, description, name, price, updated_at, id) 
    values
        (?, ?, ?, ?, ?, ?, default)
Hibernate: 
    insert 
    into
        products
        (active, created_at, description, name, price, updated_at, id) 
    values
        (?, ?, ?, ?, ?, ?, default)
2025-07-07T01:54:13.979+02:00 DEBUG 90306 --- [demo-spring-junie-test] [           main] org.hibernate.SQL                        : 
    select
        p1_0.id,
        p1_0.active,
        p1_0.created_at,
        p1_0.description,
        p1_0.name,
        p1_0.price,
        p1_0.updated_at 
    from
        products p1_0 
    where
        p1_0.active
Hibernate: 
    select
        p1_0.id,
        p1_0.active,
        p1_0.created_at,
        p1_0.description,
        p1_0.name,
        p1_0.price,
        p1_0.updated_at 
    from
        products p1_0 
    where
        p1_0.active
]]></system-out>
  </testcase>
  <testcase name="findByActiveTrue_WithPagination_ShouldReturnPageOfActiveProducts" classname="com.example.demospringjunie.repository.ProductRepositoryTest" time="0.01">
    <system-out><![CDATA[2025-07-07T01:54:14.021+02:00 DEBUG 90306 --- [demo-spring-junie-test] [           main] org.hibernate.SQL                        : 
    select
        p1_0.id,
        p1_0.active,
        p1_0.created_at,
        p1_0.description,
        p1_0.name,
        p1_0.price,
        p1_0.updated_at 
    from
        products p1_0
Hibernate: 
    select
        p1_0.id,
        p1_0.active,
        p1_0.created_at,
        p1_0.description,
        p1_0.name,
        p1_0.price,
        p1_0.updated_at 
    from
        products p1_0
2025-07-07T01:54:14.022+02:00 DEBUG 90306 --- [demo-spring-junie-test] [           main] org.hibernate.SQL                        : 
    insert 
    into
        products
        (active, created_at, description, name, price, updated_at, id) 
    values
        (?, ?, ?, ?, ?, ?, default)
Hibernate: 
    insert 
    into
        products
        (active, created_at, description, name, price, updated_at, id) 
    values
        (?, ?, ?, ?, ?, ?, default)
2025-07-07T01:54:14.023+02:00 DEBUG 90306 --- [demo-spring-junie-test] [           main] org.hibernate.SQL                        : 
    insert 
    into
        products
        (active, created_at, description, name, price, updated_at, id) 
    values
        (?, ?, ?, ?, ?, ?, default)
Hibernate: 
    insert 
    into
        products
        (active, created_at, description, name, price, updated_at, id) 
    values
        (?, ?, ?, ?, ?, ?, default)
2025-07-07T01:54:14.023+02:00 DEBUG 90306 --- [demo-spring-junie-test] [           main] org.hibernate.SQL                        : 
    insert 
    into
        products
        (active, created_at, description, name, price, updated_at, id) 
    values
        (?, ?, ?, ?, ?, ?, default)
Hibernate: 
    insert 
    into
        products
        (active, created_at, description, name, price, updated_at, id) 
    values
        (?, ?, ?, ?, ?, ?, default)
2025-07-07T01:54:14.026+02:00 DEBUG 90306 --- [demo-spring-junie-test] [           main] org.hibernate.SQL                        : 
    select
        p1_0.id,
        p1_0.active,
        p1_0.created_at,
        p1_0.description,
        p1_0.name,
        p1_0.price,
        p1_0.updated_at 
    from
        products p1_0 
    where
        p1_0.active 
    offset
        ? rows 
    fetch
        first ? rows only
Hibernate: 
    select
        p1_0.id,
        p1_0.active,
        p1_0.created_at,
        p1_0.description,
        p1_0.name,
        p1_0.price,
        p1_0.updated_at 
    from
        products p1_0 
    where
        p1_0.active 
    offset
        ? rows 
    fetch
        first ? rows only
]]></system-out>
  </testcase>
  <testcase name="searchByText_ShouldReturnProductsContainingSpecifiedTextInNameOrDescription" classname="com.example.demospringjunie.repository.ProductRepositoryTest" time="0.02">
    <system-out><![CDATA[2025-07-07T01:54:14.032+02:00 DEBUG 90306 --- [demo-spring-junie-test] [           main] org.hibernate.SQL                        : 
    select
        p1_0.id,
        p1_0.active,
        p1_0.created_at,
        p1_0.description,
        p1_0.name,
        p1_0.price,
        p1_0.updated_at 
    from
        products p1_0
Hibernate: 
    select
        p1_0.id,
        p1_0.active,
        p1_0.created_at,
        p1_0.description,
        p1_0.name,
        p1_0.price,
        p1_0.updated_at 
    from
        products p1_0
2025-07-07T01:54:14.033+02:00 DEBUG 90306 --- [demo-spring-junie-test] [           main] org.hibernate.SQL                        : 
    insert 
    into
        products
        (active, created_at, description, name, price, updated_at, id) 
    values
        (?, ?, ?, ?, ?, ?, default)
Hibernate: 
    insert 
    into
        products
        (active, created_at, description, name, price, updated_at, id) 
    values
        (?, ?, ?, ?, ?, ?, default)
2025-07-07T01:54:14.034+02:00 DEBUG 90306 --- [demo-spring-junie-test] [           main] org.hibernate.SQL                        : 
    insert 
    into
        products
        (active, created_at, description, name, price, updated_at, id) 
    values
        (?, ?, ?, ?, ?, ?, default)
Hibernate: 
    insert 
    into
        products
        (active, created_at, description, name, price, updated_at, id) 
    values
        (?, ?, ?, ?, ?, ?, default)
2025-07-07T01:54:14.034+02:00 DEBUG 90306 --- [demo-spring-junie-test] [           main] org.hibernate.SQL                        : 
    insert 
    into
        products
        (active, created_at, description, name, price, updated_at, id) 
    values
        (?, ?, ?, ?, ?, ?, default)
Hibernate: 
    insert 
    into
        products
        (active, created_at, description, name, price, updated_at, id) 
    values
        (?, ?, ?, ?, ?, ?, default)
2025-07-07T01:54:14.042+02:00 DEBUG 90306 --- [demo-spring-junie-test] [           main] org.hibernate.SQL                        : 
    select
        p1_0.id,
        p1_0.active,
        p1_0.created_at,
        p1_0.description,
        p1_0.name,
        p1_0.price,
        p1_0.updated_at 
    from
        products p1_0 
    where
        lower(p1_0.name) like lower(('%'||?||'%')) escape '' 
        or lower(p1_0.description) like lower(('%'||?||'%')) escape ''
Hibernate: 
    select
        p1_0.id,
        p1_0.active,
        p1_0.created_at,
        p1_0.description,
        p1_0.name,
        p1_0.price,
        p1_0.updated_at 
    from
        products p1_0 
    where
        lower(p1_0.name) like lower(('%'||?||'%')) escape '' 
        or lower(p1_0.description) like lower(('%'||?||'%')) escape ''
2025-07-07T01:54:14.045+02:00 DEBUG 90306 --- [demo-spring-junie-test] [           main] org.hibernate.SQL                        : 
    select
        p1_0.id,
        p1_0.active,
        p1_0.created_at,
        p1_0.description,
        p1_0.name,
        p1_0.price,
        p1_0.updated_at 
    from
        products p1_0 
    where
        lower(p1_0.name) like lower(('%'||?||'%')) escape '' 
        or lower(p1_0.description) like lower(('%'||?||'%')) escape ''
Hibernate: 
    select
        p1_0.id,
        p1_0.active,
        p1_0.created_at,
        p1_0.description,
        p1_0.name,
        p1_0.price,
        p1_0.updated_at 
    from
        products p1_0 
    where
        lower(p1_0.name) like lower(('%'||?||'%')) escape '' 
        or lower(p1_0.description) like lower(('%'||?||'%')) escape ''
]]></system-out>
  </testcase>
  <testcase name="findByPriceLessThanEqual_ShouldReturnProductsWithPriceLessThanOrEqualToSpecifiedValue" classname="com.example.demospringjunie.repository.ProductRepositoryTest" time="0.011">
    <system-out><![CDATA[2025-07-07T01:54:14.054+02:00 DEBUG 90306 --- [demo-spring-junie-test] [           main] org.hibernate.SQL                        : 
    select
        p1_0.id,
        p1_0.active,
        p1_0.created_at,
        p1_0.description,
        p1_0.name,
        p1_0.price,
        p1_0.updated_at 
    from
        products p1_0
Hibernate: 
    select
        p1_0.id,
        p1_0.active,
        p1_0.created_at,
        p1_0.description,
        p1_0.name,
        p1_0.price,
        p1_0.updated_at 
    from
        products p1_0
2025-07-07T01:54:14.055+02:00 DEBUG 90306 --- [demo-spring-junie-test] [           main] org.hibernate.SQL                        : 
    insert 
    into
        products
        (active, created_at, description, name, price, updated_at, id) 
    values
        (?, ?, ?, ?, ?, ?, default)
Hibernate: 
    insert 
    into
        products
        (active, created_at, description, name, price, updated_at, id) 
    values
        (?, ?, ?, ?, ?, ?, default)
2025-07-07T01:54:14.056+02:00 DEBUG 90306 --- [demo-spring-junie-test] [           main] org.hibernate.SQL                        : 
    insert 
    into
        products
        (active, created_at, description, name, price, updated_at, id) 
    values
        (?, ?, ?, ?, ?, ?, default)
Hibernate: 
    insert 
    into
        products
        (active, created_at, description, name, price, updated_at, id) 
    values
        (?, ?, ?, ?, ?, ?, default)
2025-07-07T01:54:14.057+02:00 DEBUG 90306 --- [demo-spring-junie-test] [           main] org.hibernate.SQL                        : 
    insert 
    into
        products
        (active, created_at, description, name, price, updated_at, id) 
    values
        (?, ?, ?, ?, ?, ?, default)
Hibernate: 
    insert 
    into
        products
        (active, created_at, description, name, price, updated_at, id) 
    values
        (?, ?, ?, ?, ?, ?, default)
2025-07-07T01:54:14.060+02:00 DEBUG 90306 --- [demo-spring-junie-test] [           main] org.hibernate.SQL                        : 
    select
        p1_0.id,
        p1_0.active,
        p1_0.created_at,
        p1_0.description,
        p1_0.name,
        p1_0.price,
        p1_0.updated_at 
    from
        products p1_0 
    where
        p1_0.price<=?
Hibernate: 
    select
        p1_0.id,
        p1_0.active,
        p1_0.created_at,
        p1_0.description,
        p1_0.name,
        p1_0.price,
        p1_0.updated_at 
    from
        products p1_0 
    where
        p1_0.price<=?
]]></system-out>
  </testcase>
  <testcase name="findByName_ShouldReturnProduct" classname="com.example.demospringjunie.repository.ProductRepositoryTest" time="0.008">
    <system-out><![CDATA[2025-07-07T01:54:14.064+02:00 DEBUG 90306 --- [demo-spring-junie-test] [           main] org.hibernate.SQL                        : 
    select
        p1_0.id,
        p1_0.active,
        p1_0.created_at,
        p1_0.description,
        p1_0.name,
        p1_0.price,
        p1_0.updated_at 
    from
        products p1_0
Hibernate: 
    select
        p1_0.id,
        p1_0.active,
        p1_0.created_at,
        p1_0.description,
        p1_0.name,
        p1_0.price,
        p1_0.updated_at 
    from
        products p1_0
2025-07-07T01:54:14.065+02:00 DEBUG 90306 --- [demo-spring-junie-test] [           main] org.hibernate.SQL                        : 
    insert 
    into
        products
        (active, created_at, description, name, price, updated_at, id) 
    values
        (?, ?, ?, ?, ?, ?, default)
Hibernate: 
    insert 
    into
        products
        (active, created_at, description, name, price, updated_at, id) 
    values
        (?, ?, ?, ?, ?, ?, default)
2025-07-07T01:54:14.066+02:00 DEBUG 90306 --- [demo-spring-junie-test] [           main] org.hibernate.SQL                        : 
    insert 
    into
        products
        (active, created_at, description, name, price, updated_at, id) 
    values
        (?, ?, ?, ?, ?, ?, default)
Hibernate: 
    insert 
    into
        products
        (active, created_at, description, name, price, updated_at, id) 
    values
        (?, ?, ?, ?, ?, ?, default)
2025-07-07T01:54:14.066+02:00 DEBUG 90306 --- [demo-spring-junie-test] [           main] org.hibernate.SQL                        : 
    insert 
    into
        products
        (active, created_at, description, name, price, updated_at, id) 
    values
        (?, ?, ?, ?, ?, ?, default)
Hibernate: 
    insert 
    into
        products
        (active, created_at, description, name, price, updated_at, id) 
    values
        (?, ?, ?, ?, ?, ?, default)
2025-07-07T01:54:14.068+02:00 DEBUG 90306 --- [demo-spring-junie-test] [           main] org.hibernate.SQL                        : 
    select
        p1_0.id,
        p1_0.active,
        p1_0.created_at,
        p1_0.description,
        p1_0.name,
        p1_0.price,
        p1_0.updated_at 
    from
        products p1_0 
    where
        p1_0.name=?
Hibernate: 
    select
        p1_0.id,
        p1_0.active,
        p1_0.created_at,
        p1_0.description,
        p1_0.name,
        p1_0.price,
        p1_0.updated_at 
    from
        products p1_0 
    where
        p1_0.name=?
]]></system-out>
  </testcase>
</testsuite>