<?xml version="1.0" encoding="UTF-8"?>
<testsuite xmlns:xsi="http://www.w3.org/2001/XMLSchema-instance" xsi:noNamespaceSchemaLocation="https://maven.apache.org/surefire/maven-surefire-plugin/xsd/surefire-test-report-3.0.xsd" version="3.0" name="com.example.demospringjunie.controller.ProductControllerTest" time="0.538" tests="5" errors="0" skipped="0" failures="0">
  <properties>
[...]
</properties>
  <testcase name="createProduct_ShouldReturnCreatedProduct" classname="com.example.demospringjunie.controller.ProductControllerTest" time="0.086">
    <system-out><![CDATA[2025-07-07T01:54:15.102+02:00  INFO 90306 --- [demo-spring-junie-test] [           main] t.c.s.AnnotationConfigContextLoaderUtils : Could not detect default configuration classes for test class [com.example.demospringjunie.controller.ProductControllerTest]: ProductControllerTest does not declare any static, non-private, non-final, nested classes annotated with @Configuration.
2025-07-07T01:54:15.117+02:00  INFO 90306 --- [demo-spring-junie-test] [           main] .b.t.c.SpringBootTestContextBootstrapper : Found @SpringBootConfiguration com.example.demospringjunie.DemoSpringJunieApplication for test class com.example.demospringjunie.controller.ProductControllerTest

  .   ____          _            __ _ _
 /\\ / ___'_ __ _ _(_)_ __  __ _ \ \ \ \
( ( )\___ | '_ | '_| | '_ \/ _` | \ \ \ \
 \\/  ___)| |_)| | | | | || (_| |  ) ) ) )
  '  |____| .__|_| |_|_| |_\__, | / / / /
 =========|_|==============|___/=/_/_/_/
 :: Spring Boot ::                (v3.2.0)

2025-07-07T01:54:15.126+02:00  INFO 90306 --- [demo-spring-junie-test] [           main] c.e.d.controller.ProductControllerTest   : Starting ProductControllerTest using Java 21.0.6 with PID 90306 (started by mario in /Users/mario/Documents/development/workspace/hackaton2025/demo-spring-junie)
2025-07-07T01:54:15.126+02:00 DEBUG 90306 --- [demo-spring-junie-test] [           main] c.e.d.controller.ProductControllerTest   : Running with Spring Boot v3.2.0, Spring v6.1.1
2025-07-07T01:54:15.126+02:00  INFO 90306 --- [demo-spring-junie-test] [           main] c.e.d.controller.ProductControllerTest   : No active profile set, falling back to 1 default profile: "default"
2025-07-07T01:54:15.502+02:00  INFO 90306 --- [demo-spring-junie-test] [           main] o.s.b.t.m.w.SpringBootMockServletContext : Initializing Spring TestDispatcherServlet ''
2025-07-07T01:54:15.503+02:00  INFO 90306 --- [demo-spring-junie-test] [           main] o.s.t.web.servlet.TestDispatcherServlet  : Initializing Servlet ''
2025-07-07T01:54:15.504+02:00  INFO 90306 --- [demo-spring-junie-test] [           main] o.s.t.web.servlet.TestDispatcherServlet  : Completed initialization in 1 ms
2025-07-07T01:54:15.514+02:00  INFO 90306 --- [demo-spring-junie-test] [           main] c.e.d.controller.ProductControllerTest   : Started ProductControllerTest in 0.396 seconds (process running for 5.853)
]]></system-out>
  </testcase>
  <testcase name="getAllProducts_ShouldReturnProducts" classname="com.example.demospringjunie.controller.ProductControllerTest" time="0.009"/>
  <testcase name="updateProduct_WhenProductExists_ShouldReturnUpdatedProduct" classname="com.example.demospringjunie.controller.ProductControllerTest" time="0.007"/>
  <testcase name="deleteProduct_WhenProductExists_ShouldReturnNoContent" classname="com.example.demospringjunie.controller.ProductControllerTest" time="0.005"/>
  <testcase name="getProductById_WhenProductExists_ShouldReturnProduct" classname="com.example.demospringjunie.controller.ProductControllerTest" time="0.004"/>
</testsuite>