<?xml version="1.0" encoding="UTF-8"?>
<testsuite xmlns:xsi="http://www.w3.org/2001/XMLSchema-instance" xsi:noNamespaceSchemaLocation="https://maven.apache.org/surefire/maven-surefire-plugin/xsd/surefire-test-report-3.0.xsd" version="3.0" name="com.example.demospringjunie.integration.ProductApiIntegrationTest" time="1.024" tests="5" errors="0" skipped="0" failures="0">
  <properties>
[...]
</properties>
  <testcase name="createProduct_ShouldReturnCreatedProduct" classname="com.example.demospringjunie.integration.ProductApiIntegrationTest" time="0.153">
    <system-out><![CDATA[2025-07-07T01:54:14.073+02:00  INFO 90306 --- [demo-spring-junie-test] [           main] t.c.s.AnnotationConfigContextLoaderUtils : Could not detect default configuration classes for test class [com.example.demospringjunie.integration.ProductApiIntegrationTest]: ProductApiIntegrationTest does not declare any static, non-private, non-final, nested classes annotated with @Configuration.
2025-07-07T01:54:14.076+02:00  INFO 90306 --- [demo-spring-junie-test] [           main] .b.t.c.SpringBootTestContextBootstrapper : Found @SpringBootConfiguration com.example.demospringjunie.DemoSpringJunieApplication for test class com.example.demospringjunie.integration.ProductApiIntegrationTest

  .   ____          _            __ _ _
 /\\ / ___'_ __ _ _(_)_ __  __ _ \ \ \ \
( ( )\___ | '_ | '_| | '_ \/ _` | \ \ \ \
 \\/  ___)| |_)| | | | | || (_| |  ) ) ) )
  '  |____| .__|_| |_|_| |_\__, | / / / /
 =========|_|==============|___/=/_/_/_/
 :: Spring Boot ::                (v3.2.0)

2025-07-07T01:54:14.090+02:00  INFO 90306 --- [demo-spring-junie-test] [           main] c.e.d.i.ProductApiIntegrationTest        : Starting ProductApiIntegrationTest using Java 21.0.6 with PID 90306 (started by mario in /Users/mario/Documents/development/workspace/hackaton2025/demo-spring-junie)
2025-07-07T01:54:14.090+02:00 DEBUG 90306 --- [demo-spring-junie-test] [           main] c.e.d.i.ProductApiIntegrationTest        : Running with Spring Boot v3.2.0, Spring v6.1.1
2025-07-07T01:54:14.090+02:00  INFO 90306 --- [demo-spring-junie-test] [           main] c.e.d.i.ProductApiIntegrationTest        : The following 1 profile is active: "test"
2025-07-07T01:54:14.194+02:00  INFO 90306 --- [demo-spring-junie-test] [           main] .s.d.r.c.RepositoryConfigurationDelegate : Bootstrapping Spring Data JPA repositories in DEFAULT mode.
2025-07-07T01:54:14.197+02:00  INFO 90306 --- [demo-spring-junie-test] [           main] .s.d.r.c.RepositoryConfigurationDelegate : Finished Spring Data repository scanning in 3 ms. Found 1 JPA repository interface.
2025-07-07T01:54:14.341+02:00  INFO 90306 --- [demo-spring-junie-test] [           main] o.s.b.w.embedded.tomcat.TomcatWebServer  : Tomcat initialized with port 0 (http)
2025-07-07T01:54:14.346+02:00  INFO 90306 --- [demo-spring-junie-test] [           main] o.apache.catalina.core.StandardService   : Starting service [Tomcat]
2025-07-07T01:54:14.347+02:00  INFO 90306 --- [demo-spring-junie-test] [           main] o.apache.catalina.core.StandardEngine    : Starting Servlet engine: [Apache Tomcat/10.1.16]
2025-07-07T01:54:14.370+02:00  INFO 90306 --- [demo-spring-junie-test] [           main] o.a.c.c.C.[Tomcat].[localhost].[/]       : Initializing Spring embedded WebApplicationContext
2025-07-07T01:54:14.371+02:00  INFO 90306 --- [demo-spring-junie-test] [           main] w.s.c.ServletWebServerApplicationContext : Root WebApplicationContext: initialization completed in 280 ms
2025-07-07T01:54:14.468+02:00  INFO 90306 --- [demo-spring-junie-test] [           main] o.hibernate.jpa.internal.util.LogHelper  : HHH000204: Processing PersistenceUnitInfo [name: default]
2025-07-07T01:54:14.469+02:00  INFO 90306 --- [demo-spring-junie-test] [           main] o.h.c.internal.RegionFactoryInitiator    : HHH000026: Second-level cache disabled
2025-07-07T01:54:14.470+02:00  INFO 90306 --- [demo-spring-junie-test] [           main] o.s.o.j.p.SpringPersistenceUnitInfo      : No LoadTimeWeaver setup: ignoring JPA class transformer
2025-07-07T01:54:14.470+02:00  INFO 90306 --- [demo-spring-junie-test] [           main] com.zaxxer.hikari.HikariDataSource       : HikariPool-2 - Starting...
2025-07-07T01:54:14.470+02:00  INFO 90306 --- [demo-spring-junie-test] [           main] com.zaxxer.hikari.pool.HikariPool        : HikariPool-2 - Added connection conn19: url=jdbc:h2:mem:testdb user=SA
2025-07-07T01:54:14.470+02:00  INFO 90306 --- [demo-spring-junie-test] [           main] com.zaxxer.hikari.HikariDataSource       : HikariPool-2 - Start completed.
2025-07-07T01:54:14.471+02:00  WARN 90306 --- [demo-spring-junie-test] [           main] org.hibernate.orm.deprecation            : HHH90000025: H2Dialect does not need to be specified explicitly using 'hibernate.dialect' (remove the property setting and it will be selected by default)
2025-07-07T01:54:14.484+02:00  INFO 90306 --- [demo-spring-junie-test] [           main] o.h.e.t.j.p.i.JtaPlatformInitiator       : HHH000489: No JTA platform available (set 'hibernate.transaction.jta.platform' to enable JTA platform integration)
2025-07-07T01:54:14.484+02:00 DEBUG 90306 --- [demo-spring-junie-test] [           main] org.hibernate.SQL                        : 
    drop table if exists products cascade 
Hibernate: 
    drop table if exists products cascade 
2025-07-07T01:54:14.485+02:00 DEBUG 90306 --- [demo-spring-junie-test] [           main] org.hibernate.SQL                        : 
    create table products (
        active boolean not null,
        price numeric(38,2) not null,
        created_at timestamp(6) not null,
        id bigint generated by default as identity,
        updated_at timestamp(6),
        description varchar(1000),
        name varchar(255) not null,
        primary key (id)
    )
Hibernate: 
    create table products (
        active boolean not null,
        price numeric(38,2) not null,
        created_at timestamp(6) not null,
        id bigint generated by default as identity,
        updated_at timestamp(6),
        description varchar(1000),
        name varchar(255) not null,
        primary key (id)
    )
2025-07-07T01:54:14.486+02:00  INFO 90306 --- [demo-spring-junie-test] [           main] j.LocalContainerEntityManagerFactoryBean : Initialized JPA EntityManagerFactory for persistence unit 'default'
2025-07-07T01:54:14.773+02:00  INFO 90306 --- [demo-spring-junie-test] [           main] o.s.b.a.e.web.EndpointLinksResolver      : Exposing 1 endpoint(s) beneath base path '/actuator'
2025-07-07T01:54:14.816+02:00  INFO 90306 --- [demo-spring-junie-test] [           main] o.s.b.w.embedded.tomcat.TomcatWebServer  : Tomcat started on port 59629 (http) with context path ''
2025-07-07T01:54:14.819+02:00  INFO 90306 --- [demo-spring-junie-test] [           main] c.e.d.i.ProductApiIntegrationTest        : Started ProductApiIntegrationTest in 0.741 seconds (process running for 5.158)
2025-07-07T01:54:14.829+02:00 DEBUG 90306 --- [demo-spring-junie-test] [           main] org.hibernate.SQL                        : 
    select
        p1_0.id,
        p1_0.active,
        p1_0.created_at,
        p1_0.description,
        p1_0.name,
        p1_0.price,
        p1_0.updated_at 
    from
        products p1_0
Hibernate: 
    select
        p1_0.id,
        p1_0.active,
        p1_0.created_at,
        p1_0.description,
        p1_0.name,
        p1_0.price,
        p1_0.updated_at 
    from
        products p1_0
2025-07-07T01:54:14.920+02:00  INFO 90306 --- [demo-spring-junie-test] [o-auto-1-exec-1] o.a.c.c.C.[Tomcat].[localhost].[/]       : Initializing Spring DispatcherServlet 'dispatcherServlet'
2025-07-07T01:54:14.921+02:00  INFO 90306 --- [demo-spring-junie-test] [o-auto-1-exec-1] o.s.web.servlet.DispatcherServlet        : Initializing Servlet 'dispatcherServlet'
2025-07-07T01:54:14.922+02:00  INFO 90306 --- [demo-spring-junie-test] [o-auto-1-exec-1] o.s.web.servlet.DispatcherServlet        : Completed initialization in 1 ms
2025-07-07T01:54:14.961+02:00 DEBUG 90306 --- [demo-spring-junie-test] [o-auto-1-exec-1] org.hibernate.SQL                        : 
    insert 
    into
        products
        (active, created_at, description, name, price, updated_at, id) 
    values
        (?, ?, ?, ?, ?, ?, default)
Hibernate: 
    insert 
    into
        products
        (active, created_at, description, name, price, updated_at, id) 
    values
        (?, ?, ?, ?, ?, ?, default)
]]></system-out>
  </testcase>
  <testcase name="getAllProducts_ShouldReturnProducts" classname="com.example.demospringjunie.integration.ProductApiIntegrationTest" time="0.05">
    <system-out><![CDATA[2025-07-07T01:54:14.981+02:00 DEBUG 90306 --- [demo-spring-junie-test] [           main] org.hibernate.SQL                        : 
    select
        p1_0.id,
        p1_0.active,
        p1_0.created_at,
        p1_0.description,
        p1_0.name,
        p1_0.price,
        p1_0.updated_at 
    from
        products p1_0
Hibernate: 
    select
        p1_0.id,
        p1_0.active,
        p1_0.created_at,
        p1_0.description,
        p1_0.name,
        p1_0.price,
        p1_0.updated_at 
    from
        products p1_0
2025-07-07T01:54:14.989+02:00 DEBUG 90306 --- [demo-spring-junie-test] [           main] org.hibernate.SQL                        : 
    delete 
    from
        products 
    where
        id=?
Hibernate: 
    delete 
    from
        products 
    where
        id=?
2025-07-07T01:54:14.995+02:00 DEBUG 90306 --- [demo-spring-junie-test] [o-auto-1-exec-2] org.hibernate.SQL                        : 
    insert 
    into
        products
        (active, created_at, description, name, price, updated_at, id) 
    values
        (?, ?, ?, ?, ?, ?, default)
Hibernate: 
    insert 
    into
        products
        (active, created_at, description, name, price, updated_at, id) 
    values
        (?, ?, ?, ?, ?, ?, default)
2025-07-07T01:54:15.001+02:00 DEBUG 90306 --- [demo-spring-junie-test] [o-auto-1-exec-3] org.hibernate.SQL                        : 
    insert 
    into
        products
        (active, created_at, description, name, price, updated_at, id) 
    values
        (?, ?, ?, ?, ?, ?, default)
Hibernate: 
    insert 
    into
        products
        (active, created_at, description, name, price, updated_at, id) 
    values
        (?, ?, ?, ?, ?, ?, default)
2025-07-07T01:54:15.015+02:00 DEBUG 90306 --- [demo-spring-junie-test] [o-auto-1-exec-4] org.hibernate.SQL                        : 
    select
        p1_0.id,
        p1_0.active,
        p1_0.created_at,
        p1_0.description,
        p1_0.name,
        p1_0.price,
        p1_0.updated_at 
    from
        products p1_0 
    order by
        p1_0.id 
    offset
        ? rows 
    fetch
        first ? rows only
Hibernate: 
    select
        p1_0.id,
        p1_0.active,
        p1_0.created_at,
        p1_0.description,
        p1_0.name,
        p1_0.price,
        p1_0.updated_at 
    from
        products p1_0 
    order by
        p1_0.id 
    offset
        ? rows 
    fetch
        first ? rows only
]]></system-out>
  </testcase>
  <testcase name="updateProduct_WhenProductExists_ShouldReturnUpdatedProduct" classname="com.example.demospringjunie.integration.ProductApiIntegrationTest" time="0.024">
    <system-out><![CDATA[2025-07-07T01:54:15.032+02:00 DEBUG 90306 --- [demo-spring-junie-test] [           main] org.hibernate.SQL                        : 
    select
        p1_0.id,
        p1_0.active,
        p1_0.created_at,
        p1_0.description,
        p1_0.name,
        p1_0.price,
        p1_0.updated_at 
    from
        products p1_0
Hibernate: 
    select
        p1_0.id,
        p1_0.active,
        p1_0.created_at,
        p1_0.description,
        p1_0.name,
        p1_0.price,
        p1_0.updated_at 
    from
        products p1_0
2025-07-07T01:54:15.034+02:00 DEBUG 90306 --- [demo-spring-junie-test] [           main] org.hibernate.SQL                        : 
    delete 
    from
        products 
    where
        id=?
Hibernate: 
    delete 
    from
        products 
    where
        id=?
2025-07-07T01:54:15.034+02:00 DEBUG 90306 --- [demo-spring-junie-test] [           main] org.hibernate.SQL                        : 
    delete 
    from
        products 
    where
        id=?
Hibernate: 
    delete 
    from
        products 
    where
        id=?
2025-07-07T01:54:15.038+02:00 DEBUG 90306 --- [demo-spring-junie-test] [o-auto-1-exec-5] org.hibernate.SQL                        : 
    insert 
    into
        products
        (active, created_at, description, name, price, updated_at, id) 
    values
        (?, ?, ?, ?, ?, ?, default)
Hibernate: 
    insert 
    into
        products
        (active, created_at, description, name, price, updated_at, id) 
    values
        (?, ?, ?, ?, ?, ?, default)
2025-07-07T01:54:15.044+02:00 DEBUG 90306 --- [demo-spring-junie-test] [o-auto-1-exec-6] org.hibernate.SQL                        : 
    select
        p1_0.id,
        p1_0.active,
        p1_0.created_at,
        p1_0.description,
        p1_0.name,
        p1_0.price,
        p1_0.updated_at 
    from
        products p1_0 
    where
        p1_0.id=?
Hibernate: 
    select
        p1_0.id,
        p1_0.active,
        p1_0.created_at,
        p1_0.description,
        p1_0.name,
        p1_0.price,
        p1_0.updated_at 
    from
        products p1_0 
    where
        p1_0.id=?
2025-07-07T01:54:15.048+02:00 DEBUG 90306 --- [demo-spring-junie-test] [o-auto-1-exec-6] org.hibernate.SQL                        : 
    update
        products 
    set
        active=?,
        created_at=?,
        description=?,
        name=?,
        price=?,
        updated_at=? 
    where
        id=?
Hibernate: 
    update
        products 
    set
        active=?,
        created_at=?,
        description=?,
        name=?,
        price=?,
        updated_at=? 
    where
        id=?
]]></system-out>
  </testcase>
  <testcase name="deleteProduct_WhenProductExists_ShouldReturnNoContent" classname="com.example.demospringjunie.integration.ProductApiIntegrationTest" time="0.028">
    <system-out><![CDATA[2025-07-07T01:54:15.056+02:00 DEBUG 90306 --- [demo-spring-junie-test] [           main] org.hibernate.SQL                        : 
    select
        p1_0.id,
        p1_0.active,
        p1_0.created_at,
        p1_0.description,
        p1_0.name,
        p1_0.price,
        p1_0.updated_at 
    from
        products p1_0
Hibernate: 
    select
        p1_0.id,
        p1_0.active,
        p1_0.created_at,
        p1_0.description,
        p1_0.name,
        p1_0.price,
        p1_0.updated_at 
    from
        products p1_0
2025-07-07T01:54:15.057+02:00 DEBUG 90306 --- [demo-spring-junie-test] [           main] org.hibernate.SQL                        : 
    delete 
    from
        products 
    where
        id=?
Hibernate: 
    delete 
    from
        products 
    where
        id=?
2025-07-07T01:54:15.061+02:00 DEBUG 90306 --- [demo-spring-junie-test] [o-auto-1-exec-7] org.hibernate.SQL                        : 
    insert 
    into
        products
        (active, created_at, description, name, price, updated_at, id) 
    values
        (?, ?, ?, ?, ?, ?, default)
Hibernate: 
    insert 
    into
        products
        (active, created_at, description, name, price, updated_at, id) 
    values
        (?, ?, ?, ?, ?, ?, default)
2025-07-07T01:54:15.067+02:00 DEBUG 90306 --- [demo-spring-junie-test] [o-auto-1-exec-8] org.hibernate.SQL                        : 
    select
        p1_0.id,
        p1_0.active,
        p1_0.created_at,
        p1_0.description,
        p1_0.name,
        p1_0.price,
        p1_0.updated_at 
    from
        products p1_0 
    where
        p1_0.id=?
Hibernate: 
    select
        p1_0.id,
        p1_0.active,
        p1_0.created_at,
        p1_0.description,
        p1_0.name,
        p1_0.price,
        p1_0.updated_at 
    from
        products p1_0 
    where
        p1_0.id=?
2025-07-07T01:54:15.068+02:00 DEBUG 90306 --- [demo-spring-junie-test] [o-auto-1-exec-8] org.hibernate.SQL                        : 
    delete 
    from
        products 
    where
        id=?
Hibernate: 
    delete 
    from
        products 
    where
        id=?
2025-07-07T01:54:15.071+02:00 DEBUG 90306 --- [demo-spring-junie-test] [o-auto-1-exec-9] org.hibernate.SQL                        : 
    select
        p1_0.id,
        p1_0.active,
        p1_0.created_at,
        p1_0.description,
        p1_0.name,
        p1_0.price,
        p1_0.updated_at 
    from
        products p1_0 
    where
        p1_0.id=?
Hibernate: 
    select
        p1_0.id,
        p1_0.active,
        p1_0.created_at,
        p1_0.description,
        p1_0.name,
        p1_0.price,
        p1_0.updated_at 
    from
        products p1_0 
    where
        p1_0.id=?
2025-07-07T01:54:15.074+02:00 ERROR 90306 --- [demo-spring-junie-test] [o-auto-1-exec-9] c.e.d.exception.GlobalExceptionHandler   : Response status exception: 404 NOT_FOUND "Product not found with id: 5"
]]></system-out>
  </testcase>
  <testcase name="getProductById_WhenProductExists_ShouldReturnProduct" classname="com.example.demospringjunie.integration.ProductApiIntegrationTest" time="0.013">
    <system-out><![CDATA[2025-07-07T01:54:15.085+02:00 DEBUG 90306 --- [demo-spring-junie-test] [           main] org.hibernate.SQL                        : 
    select
        p1_0.id,
        p1_0.active,
        p1_0.created_at,
        p1_0.description,
        p1_0.name,
        p1_0.price,
        p1_0.updated_at 
    from
        products p1_0
Hibernate: 
    select
        p1_0.id,
        p1_0.active,
        p1_0.created_at,
        p1_0.description,
        p1_0.name,
        p1_0.price,
        p1_0.updated_at 
    from
        products p1_0
2025-07-07T01:54:15.090+02:00 DEBUG 90306 --- [demo-spring-junie-test] [-auto-1-exec-10] org.hibernate.SQL                        : 
    insert 
    into
        products
        (active, created_at, description, name, price, updated_at, id) 
    values
        (?, ?, ?, ?, ?, ?, default)
Hibernate: 
    insert 
    into
        products
        (active, created_at, description, name, price, updated_at, id) 
    values
        (?, ?, ?, ?, ?, ?, default)
2025-07-07T01:54:15.093+02:00 DEBUG 90306 --- [demo-spring-junie-test] [o-auto-1-exec-1] org.hibernate.SQL                        : 
    select
        p1_0.id,
        p1_0.active,
        p1_0.created_at,
        p1_0.description,
        p1_0.name,
        p1_0.price,
        p1_0.updated_at 
    from
        products p1_0 
    where
        p1_0.id=?
Hibernate: 
    select
        p1_0.id,
        p1_0.active,
        p1_0.created_at,
        p1_0.description,
        p1_0.name,
        p1_0.price,
        p1_0.updated_at 
    from
        products p1_0 
    where
        p1_0.id=?
]]></system-out>
  </testcase>
</testsuite>